<?xml version="1.0" encoding="UTF-8"?>
<!-- Generated by org.testng.reporters.JUnitXMLReporter -->
<testsuite ignored="0" hostname="JayMM" failures="3" tests="3" name="Test(failed)" time="25.822" errors="0" timestamp="2024-08-16T20:56:32 IST">
  <testcase classname="testcases.TC03_LoginDDT" name="verify_login_DDT" time="6.372">
    <failure type="java.lang.AssertionError" message="expected [true] but found [false]">
      <![CDATA[java.lang.AssertionError: expected [true] but found [false]
at testcases.TC03_LoginDDT.verify_login_DDT(TC03_LoginDDT.java:46)
at java.base/java.util.ArrayList.forEach(ArrayList.java:1597)
... Removed 29 stack frames]]>
    </failure>
  </testcase> <!-- verify_login_DDT -->
  <testcase classname="testcases.TC03_LoginDDT" name="verify_login_DDT" time="6.071">
    <failure type="java.lang.AssertionError" message="expected [true] but found [false]">
      <![CDATA[java.lang.AssertionError: expected [true] but found [false]
at testcases.TC03_LoginDDT.verify_login_DDT(TC03_LoginDDT.java:46)
at java.base/java.util.ArrayList.forEach(ArrayList.java:1597)
... Removed 29 stack frames]]>
    </failure>
  </testcase> <!-- verify_login_DDT -->
  <testcase classname="testcases.TC03_LoginDDT" name="verify_login_DDT" time="6.788">
    <failure type="java.lang.AssertionError" message="expected [true] but found [false]">
      <![CDATA[java.lang.AssertionError: expected [true] but found [false]
at testcases.TC03_LoginDDT.verify_login_DDT(TC03_LoginDDT.java:46)
at java.base/java.util.ArrayList.forEach(ArrayList.java:1597)
... Removed 29 stack frames]]>
    </failure>
  </testcase> <!-- verify_login_DDT -->
</testsuite> <!-- Test(failed) -->
